cl : コマンド ライン warning D9025: '/D_UNICODE' より '/U_UNICODE' が優先されます。
cl : コマンド ライン warning D9025: '/DUNICODE' より '/UUNICODE' が優先されます。
  Alraune.cpp
  Armors.cpp
  BackGround.cpp
  Bat.cpp
  Battle.cpp
  BattleWindow.cpp
  BossEnemy.cpp
  Cassowary.cpp
  Clothes.cpp
  Clown.cpp
  ComandWindow.cpp
ComandWindow.cpp(36): warning C4018: '<': signed と unsigned の数値を比較しようとしました。
  Dragon.cpp
  Ending.cpp
  Enemy.cpp
  EnemyListWindow.cpp
  EquipmentWindow.cpp
  Ether.cpp
  Goburin.cpp
  Hero.cpp
  HighPotion.cpp
  コンパイル中...
  Item.cpp
  ItemSelectWindow.cpp
ItemSelectWindow.cpp(26): warning C4018: '<': signed と unsigned の数値を比較しようとしました。
  ItemWindow.cpp
  Key.cpp
  Lizardman.cpp
  Magic.cpp
  MagicWindow.cpp
  main.cpp
  Map.cpp
  Matango.cpp
  MazeMap.cpp
  MenuWindow.cpp
MenuWindow.cpp(27): warning C4018: '<': signed と unsigned の数値を比較しようとしました。
  Mummy.cpp
  NonPlayerCharacter.cpp
NonPlayerCharacter.cpp(32): warning C4018: '>=': signed と unsigned の数値を比較しようとしました。
  Player.cpp
  Potion.cpp
  SelectWindow.cpp
SelectWindow.cpp(26): warning C4018: '<': signed と unsigned の数値を比較しようとしました。
  ShopItemWindow.cpp
  ShopNPC.cpp
ShopNPC.cpp(39): warning C4018: '>=': signed と unsigned の数値を比較しようとしました。
  ShopWindow.cpp
ShopWindow.cpp(23): warning C4018: '<': signed と unsigned の数値を比較しようとしました。
ShopWindow.cpp(50): warning C4018: '>=': signed と unsigned の数値を比較しようとしました。
  コンパイル中...
  Skeleton.cpp
  Skull.cpp
  Slime.cpp
  SnowMap.cpp
  Sord.cpp
  Sound.cpp
  StatusWindow.cpp
StatusWindow.cpp(33): warning C4018: '<': signed と unsigned の数値を比較しようとしました。
  Stick.cpp
  SuperArmor.cpp
  SuperSord.cpp
  Title.cpp
  TownMap.cpp
  WorldMap.cpp
  コード生成しています。
  All 944 functions were compiled because no usable IPDB/IOBJ from previous compilation was found.
  コード生成が終了しました。
  RPG.vcxproj -> C:\cygwin64\home\jupil\game\RPG\Release\RPG.exe
