c:\users\jupil\desktop\主要なファイル\program\dxlib_vc\game\rpg\rpg\debug\vc140.pdb
c:\users\jupil\desktop\主要なファイル\program\dxlib_vc\game\rpg\rpg\debug\vc140.idb
c:\users\jupil\desktop\主要なファイル\program\dxlib_vc\game\rpg\rpg\debug\main.obj
c:\users\jupil\desktop\主要なファイル\program\dxlib_vc\game\rpg\rpg\debug\map.obj
c:\users\jupil\desktop\主要なファイル\program\dxlib_vc\game\rpg\rpg\debug\worldmap.obj
c:\users\jupil\desktop\主要なファイル\program\dxlib_vc\game\rpg\rpg\debug\inputkey.obj
c:\users\jupil\desktop\主要なファイル\program\dxlib_vc\game\rpg\rpg\debug\player.obj
c:\users\jupil\desktop\主要なファイル\program\dxlib_vc\game\rpg\rpg\debug\global.obj
c:\users\jupil\desktop\主要なファイル\program\dxlib_vc\game\rpg\rpg\debug\key.obj
c:\users\jupil\desktop\主要なファイル\program\dxlib_vc\game\rpg\rpg\debug\townmap.obj
c:\users\jupil\desktop\主要なファイル\program\dxlib_vc\game\rpg\rpg\debug\item.obj
c:\users\jupil\desktop\主要なファイル\program\dxlib_vc\game\rpg\rpg\debug\highpotion.obj
c:\users\jupil\desktop\主要なファイル\program\dxlib_vc\game\rpg\rpg\debug\menuwindow.obj
c:\users\jupil\desktop\主要なファイル\program\dxlib_vc\game\rpg\rpg\debug\potion.obj
c:\users\jupil\desktop\主要なファイル\program\dxlib_vc\game\rpg\rpg\debug\statuswindow.obj
c:\users\jupil\desktop\主要なファイル\program\dxlib_vc\game\rpg\rpg\debug\equipmentwindow.obj
c:\users\jupil\desktop\主要なファイル\program\dxlib_vc\game\rpg\rpg\debug\selectwindow.obj
c:\users\jupil\desktop\主要なファイル\program\dxlib_vc\game\rpg\rpg\debug\selectwhowindow.obj
c:\users\jupil\desktop\主要なファイル\program\dxlib_vc\game\rpg\rpg\debug\sord.obj
c:\users\jupil\desktop\主要なファイル\program\dxlib_vc\game\rpg\rpg\debug\armors.obj
c:\users\jupil\desktop\主要なファイル\program\dxlib_vc\game\rpg\rpg\debug\enemy.obj
c:\users\jupil\desktop\主要なファイル\program\dxlib_vc\game\rpg\rpg\debug\slime.obj
c:\users\jupil\desktop\主要なファイル\program\dxlib_vc\game\rpg\rpg\debug\magicwindow.obj
c:\users\jupil\desktop\主要なファイル\program\dxlib_vc\game\rpg\rpg\debug\enemylistwindow.obj
c:\users\jupil\desktop\主要なファイル\program\dxlib_vc\game\rpg\rpg\debug\itemselectwindow.obj
c:\users\jupil\desktop\主要なファイル\program\dxlib_vc\game\rpg\rpg\debug\itemwindow.obj
c:\users\jupil\desktop\主要なファイル\program\dxlib_vc\game\rpg\rpg\debug\comandwindow.obj
c:\users\jupil\desktop\主要なファイル\program\dxlib_vc\game\rpg\rpg\debug\battle.obj
c:\users\jupil\desktop\主要なファイル\program\dxlib_vc\game\rpg\rpg\debug\magic.obj
c:\users\jupil\desktop\主要なファイル\program\dxlib_vc\game\rpg\rpg\debug\background.obj
c:\cygwin64\home\jupil\game\rpg\rpg\debug\vc140.pdb
c:\cygwin64\home\jupil\game\rpg\rpg\debug\vc140.idb
c:\cygwin64\home\jupil\game\rpg\rpg\debug\equipmentwindow.obj
c:\cygwin64\home\jupil\game\rpg\rpg\debug\highpotion.obj
c:\cygwin64\home\jupil\game\rpg\rpg\debug\item.obj
c:\cygwin64\home\jupil\game\rpg\rpg\debug\itemselectwindow.obj
c:\cygwin64\home\jupil\game\rpg\rpg\debug\itemwindow.obj
c:\cygwin64\home\jupil\game\rpg\rpg\debug\key.obj
c:\cygwin64\home\jupil\game\rpg\rpg\debug\magic.obj
c:\cygwin64\home\jupil\game\rpg\rpg\debug\magicwindow.obj
c:\cygwin64\home\jupil\game\rpg\rpg\debug\main.obj
c:\cygwin64\home\jupil\game\rpg\rpg\debug\map.obj
c:\cygwin64\home\jupil\game\rpg\rpg\debug\menuwindow.obj
c:\cygwin64\home\jupil\game\rpg\rpg\debug\player.obj
c:\cygwin64\home\jupil\game\rpg\rpg\debug\global.obj
c:\cygwin64\home\jupil\game\rpg\rpg\debug\potion.obj
c:\cygwin64\home\jupil\game\rpg\rpg\debug\selectwindow.obj
c:\cygwin64\home\jupil\game\rpg\rpg\debug\slime.obj
c:\cygwin64\home\jupil\game\rpg\rpg\debug\sord.obj
c:\cygwin64\home\jupil\game\rpg\rpg\debug\statuswindow.obj
c:\cygwin64\home\jupil\game\rpg\rpg\debug\townmap.obj
c:\cygwin64\home\jupil\game\rpg\rpg\debug\worldmap.obj
c:\cygwin64\home\jupil\game\rpg\rpg\debug\armors.obj
c:\cygwin64\home\jupil\game\rpg\rpg\debug\background.obj
c:\cygwin64\home\jupil\game\rpg\rpg\debug\battle.obj
c:\cygwin64\home\jupil\game\rpg\rpg\debug\battlewindow.obj
c:\cygwin64\home\jupil\game\rpg\rpg\debug\comandwindow.obj
c:\cygwin64\home\jupil\game\rpg\rpg\debug\enemy.obj
c:\cygwin64\home\jupil\game\rpg\rpg\debug\enemylistwindow.obj
c:\cygwin64\home\jupil\game\rpg\rpg\debug\nonplayercharacter.obj
c:\cygwin64\home\jupil\game\rpg\rpg\debug\shopitemwindow.obj
c:\cygwin64\home\jupil\game\rpg\rpg\debug\shopnpc.obj
c:\cygwin64\home\jupil\game\rpg\rpg\debug\shopwindow.obj
c:\cygwin64\home\jupil\game\rpg\rpg\debug\bat.obj
c:\cygwin64\home\jupil\game\rpg\rpg\debug\snowmap.obj
c:\cygwin64\home\jupil\game\rpg\rpg\debug\sound.obj
c:\cygwin64\home\jupil\game\rpg\rpg\debug\hero.obj
c:\cygwin64\home\jupil\game\rpg\rpg\debug\bossenemy.obj
c:\cygwin64\home\jupil\game\rpg\rpg\debug\mazemap.obj
c:\cygwin64\home\jupil\game\rpg\rpg\debug\title.obj
c:\cygwin64\home\jupil\game\rpg\rpg\debug\ending.obj
c:\cygwin64\home\jupil\game\rpg\rpg\debug\matango.obj
c:\cygwin64\home\jupil\game\rpg\rpg\debug\alraune.obj
c:\cygwin64\home\jupil\game\rpg\rpg\debug\goburin.obj
c:\cygwin64\home\jupil\game\rpg\rpg\debug\lizardman.obj
c:\cygwin64\home\jupil\game\rpg\rpg\debug\mummy.obj
c:\cygwin64\home\jupil\game\rpg\rpg\debug\skull.obj
c:\cygwin64\home\jupil\game\rpg\rpg\debug\skeleton.obj
c:\cygwin64\home\jupil\game\rpg\rpg\debug\ether.obj
c:\cygwin64\home\jupil\game\rpg\rpg\debug\stick.obj
c:\cygwin64\home\jupil\game\rpg\rpg\debug\clothes.obj
c:\cygwin64\home\jupil\game\rpg\rpg\debug\cassowary.obj
c:\cygwin64\home\jupil\game\rpg\rpg\debug\clown.obj
c:\cygwin64\home\jupil\game\rpg\rpg\debug\dragon.obj
c:\cygwin64\home\jupil\game\rpg\rpg\debug\superarmor.obj
c:\cygwin64\home\jupil\game\rpg\rpg\debug\supersord.obj
c:\users\jupil\desktop\主要なファイル\program\dxlib_vc\game\rpg\debug\rpg.ilk
c:\users\jupil\desktop\主要なファイル\program\dxlib_vc\game\rpg\debug\rpg.exe
c:\users\jupil\desktop\主要なファイル\program\dxlib_vc\game\rpg\debug\rpg.pdb
c:\cygwin64\home\jupil\game\rpg\debug\rpg.ilk
c:\cygwin64\home\jupil\game\rpg\debug\rpg.exe
c:\cygwin64\home\jupil\game\rpg\debug\rpg.pdb
c:\cygwin64\home\jupil\game\rpg\rpg\debug\inputkey.obj
c:\cygwin64\home\jupil\game\rpg\rpg\debug\selectwhowindow.obj
c:\cygwin64\home\jupil\game\rpg\rpg\debug\enemylistwindow.obj.enc
c:\cygwin64\home\jupil\game\rpg\rpg\debug\magicwindow.obj.enc
c:\cygwin64\home\jupil\game\rpg\rpg\debug\player.obj.enc
c:\cygwin64\home\jupil\game\rpg\rpg\debug\townmap.obj.enc
c:\cygwin64\home\jupil\game\rpg\rpg\debug\worldmap.obj.enc
c:\cygwin64\home\jupil\game\rpg\rpg\debug\rpg.tlog\cl.command.1.tlog
c:\cygwin64\home\jupil\game\rpg\rpg\debug\rpg.tlog\cl.read.1.tlog
c:\cygwin64\home\jupil\game\rpg\rpg\debug\rpg.tlog\cl.write.1.tlog
c:\cygwin64\home\jupil\game\rpg\rpg\debug\rpg.tlog\link.command.1.tlog
c:\cygwin64\home\jupil\game\rpg\rpg\debug\rpg.tlog\link.read.1.tlog
c:\cygwin64\home\jupil\game\rpg\rpg\debug\rpg.tlog\link.write.1.tlog
